TN:
SF:app/games/boucle/engine.ts
FN:3,loadLevel
FN:7,reset
FN:17,moveEdgeSelection
FN:54,edgeKey
FN:58,sameEdge
FN:62,toggleEdge
FN:63,(anonymous_6)
FN:66,(anonymous_7)
FN:75,cellEdges
FN:84,countEdgesAroundCell
FN:86,(anonymous_10)
FN:90,edgeVertices
FN:102,vertexKey
FN:111,isValidLoop
FN:153,areCluesSatisfied
FN:168,clueStatus
FN:190,findInsideCells
FN:195,edgeExists
FN:247,getInsideWord
FN:249,(anonymous_19)
FN:250,(anonymous_20)
FN:253,isWon
FNF:22
FNH:21
FNDA:1235,loadLevel
FNDA:0,reset
FNDA:16,moveEdgeSelection
FNDA:959194,edgeKey
FNDA:98928,sameEdge
FNDA:15993,toggleEdge
FNDA:98925,(anonymous_6)
FNDA:3,(anonymous_7)
FNDA:35384,cellEdges
FNDA:35384,countEdgesAroundCell
FNDA:141536,(anonymous_10)
FNDA:130292,edgeVertices
FNDA:322056,vertexKey
FNDA:2466,isValidLoop
FNDA:2460,areCluesSatisfied
FNDA:9,clueStatus
FNDA:2456,findInsideCells
FNDA:436736,edgeExists
FNDA:2454,getInsideWord
FNDA:11039,(anonymous_19)
FNDA:13493,(anonymous_20)
FNDA:1231,isWon
DA:4,1235
DA:8,0
DA:23,16
DA:24,16
DA:26,8
DA:28,2
DA:30,2
DA:33,2
DA:36,2
DA:40,8
DA:42,2
DA:44,2
DA:47,2
DA:50,2
DA:55,959194
DA:59,98928
DA:63,98925
DA:64,15993
DA:66,3
DA:76,35384
DA:85,35384
DA:86,141536
DA:91,130292
DA:103,322056
DA:112,2466
DA:114,2461
DA:115,2461
DA:116,31966
DA:117,31966
DA:118,31966
DA:120,2461
DA:121,31962
DA:125,2460
DA:126,2460
DA:127,31958
DA:128,31958
DA:129,31958
DA:130,31958
DA:131,31958
DA:133,2460
DA:134,2460
DA:135,2460
DA:136,2460
DA:137,34414
DA:138,34414
DA:139,31954
DA:140,31954
DA:141,63908
DA:142,63908
DA:143,63908
DA:146,2460
DA:154,2460
DA:155,35361
DA:156,35361
DA:157,35361
DA:159,2458
DA:169,9
DA:170,9
DA:171,9
DA:172,9
DA:173,9
DA:174,9
DA:191,2456
DA:192,2456
DA:193,2456
DA:196,436736
DA:197,218368
DA:199,218368
DA:203,2456
DA:204,18410
DA:205,18410
DA:207,2456
DA:208,18410
DA:209,18410
DA:212,2456
DA:213,276057
DA:214,276057
DA:215,276057
DA:216,127594
DA:218,127594
DA:224,127594
DA:225,510376
DA:226,510376
DA:229,436736
DA:230,404834
DA:234,2456
DA:235,2456
DA:236,13498
DA:237,77274
DA:240,2456
DA:248,2454
DA:249,11039
DA:250,13493
DA:254,1231
DA:255,1229
DA:256,1229
LF:96
LH:95
BRDA:24,0,0,8
BRDA:24,0,1,8
BRDA:26,1,0,2
BRDA:26,1,1,2
BRDA:26,1,2,2
BRDA:26,1,3,2
BRDA:40,2,0,2
BRDA:40,2,1,2
BRDA:40,2,2,2
BRDA:40,2,3,2
BRDA:59,3,0,98928
BRDA:59,3,1,21369
BRDA:59,3,2,1236
BRDA:66,4,0,2
BRDA:66,4,1,15991
BRDA:91,5,0,65868
BRDA:91,5,1,64424
BRDA:112,6,0,5
BRDA:112,6,1,2461
BRDA:117,7,0,31966
BRDA:117,7,1,7161
BRDA:118,8,0,31966
BRDA:118,8,1,24804
BRDA:121,9,0,1
BRDA:121,9,1,31961
BRDA:130,10,0,31958
BRDA:130,10,1,7158
BRDA:131,11,0,31958
BRDA:131,11,1,24800
BRDA:138,12,0,2460
BRDA:138,12,1,31954
BRDA:140,13,0,31954
BRDA:140,13,1,0
BRDA:142,14,0,31954
BRDA:142,14,1,31954
BRDA:143,15,0,31954
BRDA:143,15,1,31954
BRDA:157,16,0,2
BRDA:157,16,1,35359
BRDA:170,17,0,0
BRDA:170,17,1,9
BRDA:172,18,0,0
BRDA:172,18,1,9
BRDA:173,19,0,0
BRDA:173,19,1,9
BRDA:196,20,0,218368
BRDA:196,20,1,218368
BRDA:197,21,0,218368
BRDA:197,21,1,186460
BRDA:197,21,2,154552
BRDA:197,21,3,154552
BRDA:199,22,0,218368
BRDA:199,22,1,218368
BRDA:199,22,2,218368
BRDA:199,22,3,186460
BRDA:215,23,0,148463
BRDA:215,23,1,127594
BRDA:226,24,0,73640
BRDA:226,24,1,436736
BRDA:226,25,0,510376
BRDA:226,25,1,491966
BRDA:226,25,2,473556
BRDA:226,25,3,455146
BRDA:229,26,0,31902
BRDA:229,26,1,404834
BRDA:229,27,0,436736
BRDA:229,27,1,309104
BRDA:230,28,0,202417
BRDA:230,28,1,202417
BRDA:237,29,0,13496
BRDA:237,29,1,63778
BRDA:249,30,0,11039
BRDA:249,30,1,5456
BRDA:254,31,0,2
BRDA:254,31,1,1229
BRDA:255,32,0,0
BRDA:255,32,1,1229
BRF:77
BRH:72
end_of_record
TN:
SF:app/games/semantogramme/engine.ts
FN:3,loadLevel
FN:4,(anonymous_1)
FN:5,(anonymous_2)
FN:10,setCellStatus
FN:17,(anonymous_4)
FN:18,(anonymous_5)
FN:29,cycleCellStatus
FN:36,setThemeGuess
FN:40,reset
FN:44,countInPerRow
FN:46,(anonymous_10)
FN:49,countInPerCol
FN:51,(anonymous_12)
FN:54,isFullyMarked
FN:55,(anonymous_14)
FN:55,(anonymous_15)
FN:66,isGridSolved
FN:78,normalize
FN:86,isThemeGuessCorrect
FN:91,isWon
FNF:20
FNH:19
FNDA:1244,loadLevel
FNDA:6802,(anonymous_1)
FNDA:38868,(anonymous_2)
FNDA:38833,setCellStatus
FNDA:230434,(anonymous_4)
FNDA:230434,(anonymous_5)
FNDA:26,cycleCellStatus
FNDA:1237,setThemeGuess
FNDA:0,reset
FNDA:6,countInPerRow
FNDA:20,(anonymous_10)
FNDA:6,countInPerCol
FNDA:20,(anonymous_12)
FNDA:3,isFullyMarked
FNDA:4,(anonymous_14)
FNDA:6,(anonymous_15)
FNDA:2473,isGridSolved
FNDA:2472,normalize
FNDA:1237,isThemeGuessCorrect
FNDA:1237,isWon
DA:4,1244
DA:5,38868
DA:7,1244
DA:16,38833
DA:17,38833
DA:18,230434
DA:20,38833
DA:23,4
DA:30,26
DA:31,25
DA:32,25
DA:33,25
DA:37,1237
DA:41,0
DA:45,6
DA:46,20
DA:50,6
DA:51,20
DA:55,6
DA:67,2473
DA:68,2473
DA:69,13567
DA:70,77644
DA:71,77644
DA:72,77644
DA:75,2469
DA:79,2472
DA:87,1237
DA:88,1236
DA:92,1237
LF:30
LH:29
BRDA:16,0,0,0
BRDA:16,0,1,38833
BRDA:16,1,0,38833
BRDA:16,1,1,38833
BRDA:16,1,2,38833
BRDA:16,1,3,38833
BRDA:18,2,0,38833
BRDA:18,2,1,191601
BRDA:18,3,0,38833
BRDA:18,3,1,191601
BRDA:30,4,0,1
BRDA:30,4,1,25
BRDA:30,5,0,26
BRDA:30,5,1,26
BRDA:30,5,2,25
BRDA:30,5,3,25
BRDA:45,6,0,0
BRDA:45,6,1,6
BRDA:45,7,0,6
BRDA:45,7,1,6
BRDA:50,8,0,0
BRDA:50,8,1,6
BRDA:50,9,0,6
BRDA:50,9,1,6
BRDA:51,10,0,2
BRDA:51,10,1,18
BRDA:72,11,0,4
BRDA:72,11,1,77640
BRDA:87,12,0,1
BRDA:87,12,1,1236
BRDA:92,13,0,1237
BRDA:92,13,1,1235
BRF:32
BRH:29
end_of_record
TN:
SF:app/games/sokomot/engine.ts
FN:10,eq
FN:14,add
FN:18,inBounds
FN:22,isWall
FN:23,(anonymous_4)
FN:26,isIce
FN:27,(anonymous_6)
FN:30,blockAt
FN:31,(anonymous_8)
FN:34,loadLevel
FN:38,(anonymous_10)
FN:45,snapshot
FN:48,(anonymous_12)
FN:60,slideUntilBlocked
FN:75,applyMove
FN:99,(anonymous_15)
FN:101,(anonymous_16)
FN:104,(anonymous_17)
FN:109,(anonymous_18)
FN:111,(anonymous_19)
FN:126,undo
FN:139,reset
FN:143,isWon
FN:146,(anonymous_23)
FNF:24
FNH:23
FNDA:1595621,eq
FNDA:38312,add
FNDA:38312,inBounds
FNDA:38312,isWall
FNDA:1117430,(anonymous_4)
FNDA:28915,isIce
FNDA:303766,(anonymous_6)
FNDA:33036,blockAt
FNDA:130860,(anonymous_8)
FNDA:1240,loadLevel
FNDA:5542,(anonymous_10)
FNDA:20821,snapshot
FNDA:95660,(anonymous_12)
FNDA:3941,slideUntilBlocked
FNDA:20823,applyMove
FNDA:5559,(anonymous_15)
FNDA:24219,(anonymous_16)
FNDA:31517,(anonymous_17)
FNDA:5248,(anonymous_18)
FNDA:23796,(anonymous_19)
FNDA:2,undo
FNDA:0,reset
FNDA:1235,isWon
FNDA:5533,(anonymous_23)
DA:3,4
DA:11,1595621
DA:15,38312
DA:19,38312
DA:23,1117430
DA:27,303766
DA:31,130860
DA:35,1240
DA:38,5542
DA:46,20821
DA:48,95660
DA:66,3941
DA:67,3941
DA:68,10807
DA:69,10807
DA:70,8094
DA:71,8094
DA:76,20823
DA:77,20823
DA:78,20823
DA:80,20823
DA:82,20822
DA:84,20822
DA:87,20822
DA:88,6682
DA:89,6682
DA:95,1
DA:97,6681
DA:98,6681
DA:99,2427
DA:100,5559
DA:101,24219
DA:104,31517
DA:105,6681
DA:107,14140
DA:108,14140
DA:109,1514
DA:110,5248
DA:111,23796
DA:116,20821
DA:127,2
DA:128,2
DA:129,2
DA:140,0
DA:144,1235
DA:145,1235
DA:146,1235
DA:147,5533
DA:148,5533
LF:49
LH:48
BRDA:11,0,0,1595621
BRDA:11,0,1,161590
BRDA:19,1,0,38312
BRDA:19,1,1,38312
BRDA:19,1,2,38312
BRDA:19,1,3,38312
BRDA:69,2,0,2713
BRDA:69,2,1,8094
BRDA:69,3,0,10807
BRDA:69,3,1,10807
BRDA:71,4,0,1228
BRDA:71,4,1,6866
BRDA:80,5,0,1
BRDA:80,5,1,20822
BRDA:80,6,0,20823
BRDA:80,6,1,20823
BRDA:87,7,0,6682
BRDA:87,7,1,14140
BRDA:89,8,0,1
BRDA:89,8,1,6681
BRDA:90,9,0,6682
BRDA:90,9,1,6682
BRDA:90,9,2,6681
BRDA:98,10,0,2427
BRDA:98,10,1,4254
BRDA:100,11,0,1040
BRDA:100,11,1,4519
BRDA:101,12,0,24219
BRDA:101,12,1,19769
BRDA:104,13,0,6681
BRDA:104,13,1,24836
BRDA:108,14,0,1514
BRDA:108,14,1,12626
BRDA:110,15,0,1147
BRDA:110,15,1,4101
BRDA:127,16,0,0
BRDA:127,16,1,2
BRDA:145,17,0,0
BRDA:145,17,1,1235
BRF:39
BRH:37
end_of_record
TN:
SF:app/lib/challenges-loader.ts
FN:19,buildChallengeIndex
FN:34,(anonymous_1)
FN:37,(anonymous_2)
FN:40,(anonymous_3)
FNF:4
FNH:3
FNDA:12,buildChallengeIndex
FNDA:0,(anonymous_1)
FNDA:8313,(anonymous_2)
FNDA:10,(anonymous_3)
DA:11,6
DA:22,12
DA:23,12
DA:24,14688
DA:25,14688
DA:26,14688
DA:27,14688
DA:28,14688
DA:29,14688
DA:30,14688
DA:33,12
DA:35,0
DA:38,8313
DA:41,10
LF:14
LH:13
BRDA:25,0,0,0
BRDA:25,0,1,14688
BRDA:28,1,0,14688
BRDA:28,1,1,3672
BRF:4
BRH:3
end_of_record
TN:
SF:app/lib/completion.ts
FN:14,completionStatus
FN:29,aggregateCompletion
FN:31,(anonymous_2)
FN:32,(anonymous_3)
FN:41,victoryVariant
FNF:5
FNH:5
FNDA:970,completionStatus
FNDA:134,aggregateCompletion
FNDA:152,(anonymous_2)
FNDA:150,(anonymous_3)
FNDA:10,victoryVariant
DA:18,970
DA:19,56
DA:20,54
DA:30,134
DA:31,152
DA:32,150
DA:33,124
DA:45,10
DA:46,7
LF:9
LH:9
BRDA:18,0,0,914
BRDA:18,0,1,56
BRDA:19,1,0,2
BRDA:19,1,1,54
BRDA:19,2,0,56
BRDA:19,2,1,55
BRDA:20,3,0,33
BRDA:20,3,1,21
BRDA:30,4,0,1
BRDA:30,4,1,133
BRDA:31,5,0,4
BRDA:31,5,1,129
BRDA:32,6,0,5
BRDA:32,6,1,124
BRDA:45,7,0,3
BRDA:45,7,1,7
BRDA:46,8,0,6
BRDA:46,8,1,1
BRF:18
BRH:18
end_of_record
TN:
SF:app/lib/cursor.ts
FN:9,moveCellCursor
FNF:1
FNH:1
FNDA:8,moveCellCursor
DA:15,8
DA:17,2
DA:19,2
DA:21,2
DA:23,2
LF:5
LH:5
BRDA:15,0,0,2
BRDA:15,0,1,2
BRDA:15,0,2,2
BRDA:15,0,3,2
BRF:4
BRH:4
end_of_record
TN:
SF:app/lib/dates.ts
FN:6,(anonymous_0)
FN:25,formatDate
FN:29,parseDate
FN:43,todayString
FN:61,shouldShowFutureDates
FN:68,compareDates
FN:73,monthKey
FN:78,monthLabel
FN:84,dateLabel
FN:90,dateLabelShort
FN:96,dateRange
FNF:11
FNH:11
FNDA:192,(anonymous_0)
FNDA:64,formatDate
FNDA:104,parseDate
FNDA:55,todayString
FNDA:20,shouldShowFutureDates
FNDA:4,compareDates
FNDA:137,monthKey
FNDA:69,monthLabel
FNDA:35,dateLabel
FNDA:64,dateLabelShort
FNDA:2,dateRange
DA:6,192
DA:8,5
DA:23,5
DA:26,64
DA:30,104
DA:31,104
DA:44,55
DA:49,0
DA:51,55
DA:62,20
DA:69,4
DA:74,137
DA:79,69
DA:80,69
DA:85,35
DA:86,35
DA:91,64
DA:92,64
DA:97,2
DA:98,2
DA:99,2
DA:100,2
DA:101,2
DA:105,5
DA:107,2
LF:25
LH:24
BRDA:44,0,0,0
BRDA:44,0,1,55
BRDA:45,1,0,55
BRDA:45,1,1,55
BRDA:45,1,2,0
BRDA:63,2,0,20
BRDA:63,2,1,20
BRDA:69,3,0,2
BRDA:69,3,1,2
BRDA:69,4,0,1
BRDA:69,4,1,1
BRF:11
BRH:9
end_of_record
TN:
SF:app/lib/game-styles.ts
FN:48,(anonymous_0)
FN:49,(anonymous_1)
FN:50,(anonymous_2)
FN:57,isIceLevel
FNF:4
FNH:4
FNDA:332,(anonymous_0)
FNDA:2,(anonymous_1)
FNDA:2,(anonymous_2)
FNDA:336,isIceLevel
DA:12,5
DA:25,5
DA:47,5
DA:48,332
DA:49,2
DA:50,2
DA:58,336
LF:7
LH:7
BRDA:58,0,0,336
BRDA:58,0,1,332
BRDA:58,0,2,249
BRF:3
BRH:3
end_of_record
TN:
SF:app/lib/games-registry.ts
FN:43,findGame
FN:44,(anonymous_1)
FNF:2
FNH:2
FNDA:4,findGame
FNDA:9,(anonymous_1)
DA:13,1
DA:44,9
LF:2
LH:2
BRF:0
BRH:0
end_of_record
TN:
SF:app/lib/localStorage.ts
FN:13,isBrowser
FN:17,readAllProgress
FN:29,readGameProgress
FN:33,writeLevelProgress
FN:51,countCompleted
FN:53,(anonymous_5)
FNF:6
FNH:6
FNDA:65,isBrowser
FNDA:47,readAllProgress
FNDA:27,readGameProgress
FNDA:18,writeLevelProgress
FNDA:1,countCompleted
FNDA:3,(anonymous_5)
DA:11,6
DA:14,65
DA:18,47
DA:19,47
DA:20,47
DA:21,47
DA:22,21
DA:23,21
DA:25,1
DA:30,27
DA:38,18
DA:39,18
DA:40,18
DA:41,18
DA:42,18
DA:43,18
DA:44,18
DA:45,18
DA:52,1
DA:53,3
LF:20
LH:20
BRDA:14,0,0,65
BRDA:14,0,1,65
BRDA:18,1,0,0
BRDA:18,1,1,47
BRDA:21,2,0,26
BRDA:21,2,1,21
BRDA:23,3,0,20
BRDA:23,3,1,0
BRDA:23,4,0,21
BRDA:23,4,1,20
BRDA:30,5,0,27
BRDA:30,5,1,17
BRDA:38,6,0,0
BRDA:38,6,1,18
BRDA:40,7,0,18
BRDA:40,7,1,12
BRDA:41,8,0,18
BRDA:41,8,1,17
BRF:18
BRH:15
end_of_record
TN:
SF:app/lib/random.ts
FN:6,cyrb53
FN:21,(anonymous_1)
FN:26,(anonymous_2)
FN:35,(anonymous_3)
FN:39,(anonymous_4)
FN:43,(anonymous_5)
FN:47,(anonymous_6)
FNF:7
FNH:7
FNDA:108,cyrb53
FNDA:108,(anonymous_1)
FNDA:178365,(anonymous_2)
FNDA:178263,(anonymous_3)
FNDA:177065,(anonymous_4)
FNDA:1155,(anonymous_5)
FNDA:219,(anonymous_6)
DA:7,108
DA:8,108
DA:9,108
DA:10,2486
DA:11,2486
DA:12,2486
DA:14,108
DA:15,108
DA:16,108
DA:22,108
DA:23,108
DA:27,178365
DA:28,178365
DA:29,178365
DA:30,178365
DA:31,178365
DA:32,178365
DA:36,178263
DA:40,177065
DA:44,1155
DA:48,219
DA:49,174796
DA:50,174796
DA:52,219
LF:24
LH:24
BRDA:6,0,0,108
BRDA:23,1,0,108
BRDA:23,1,1,0
BRF:3
BRH:2
end_of_record
TN:
SF:app/lib/useGameKeyboard.ts
FN:56,useGameKeyboard
FN:64,(anonymous_1)
FN:66,handleKey
FN:98,(anonymous_3)
FNF:4
FNH:4
FNDA:19,useGameKeyboard
FNDA:19,(anonymous_1)
FNDA:28,handleKey
FNDA:15,(anonymous_3)
DA:5,2
DA:23,2
DA:30,2
DA:64,19
DA:65,19
DA:67,28
DA:68,1
DA:69,1
DA:70,1
DA:77,27
DA:78,3
DA:79,3
DA:80,3
DA:82,24
DA:83,28
DA:84,17
DA:85,17
DA:86,17
DA:88,7
DA:89,2
DA:90,2
DA:91,2
DA:93,5
DA:94,1
DA:97,15
DA:98,15
LF:26
LH:26
BRDA:62,0,0,19
BRDA:65,1,0,4
BRDA:65,1,1,15
BRDA:67,2,0,1
BRDA:67,2,1,27
BRDA:69,3,0,1
BRDA:69,3,1,0
BRDA:69,4,0,1
BRDA:69,4,1,0
BRDA:77,5,0,3
BRDA:77,5,1,24
BRDA:77,6,0,27
BRDA:77,6,1,4
BRDA:77,6,2,4
BRDA:77,6,3,2
BRDA:82,7,0,24
BRDA:82,7,1,10
BRDA:83,8,0,17
BRDA:83,8,1,11
BRDA:83,9,0,28
BRDA:83,9,1,18
BRDA:88,10,0,2
BRDA:88,10,1,5
BRDA:88,11,0,7
BRDA:88,11,1,2
BRDA:93,12,0,1
BRDA:93,12,1,4
BRDA:93,13,0,5
BRDA:93,13,1,1
BRF:29
BRH:27
end_of_record
TN:
SF:app/lib/useLatestRef.ts
FN:8,useLatestRef
FN:10,(anonymous_1)
FNF:2
FNH:2
FNDA:9,useLatestRef
FNDA:9,(anonymous_1)
DA:9,9
DA:10,9
DA:11,9
DA:13,9
LF:4
LH:4
BRF:0
BRH:0
end_of_record
TN:
SF:app/lib/useLevelPlayLifecycle.ts
FN:35,useLevelPlayLifecycle
FN:44,(anonymous_1)
FNF:2
FNH:2
FNDA:15,useLevelPlayLifecycle
FNDA:15,(anonymous_1)
DA:44,15
DA:45,15
DA:46,1
DA:53,15
DA:54,15
DA:55,15
DA:57,15
LF:7
LH:7
BRDA:42,0,0,15
BRDA:45,1,0,1
BRDA:45,1,1,14
BRDA:45,2,0,15
BRDA:45,2,1,2
BRDA:45,2,2,1
BRDA:53,3,0,15
BRDA:53,3,1,14
BRDA:53,3,2,14
BRDA:54,4,0,1
BRDA:54,4,1,14
BRDA:54,5,0,13
BRDA:54,5,1,1
BRDA:55,6,0,12
BRDA:55,6,1,3
BRF:15
BRH:15
end_of_record
TN:
SF:app/lib/useLocalProgress.ts
FN:8,useLocalProgress
FN:11,(anonymous_1)
FN:16,handler
FN:22,(anonymous_3)
FN:29,levelKey
FNF:5
FNH:5
FNDA:33,useLocalProgress
FNDA:16,(anonymous_1)
FNDA:2,handler
FNDA:16,(anonymous_3)
FNDA:987,levelKey
DA:9,33
DA:11,33
DA:15,16
DA:17,2
DA:18,1
DA:21,16
DA:22,16
DA:25,33
DA:30,987
LF:9
LH:9
BRDA:17,0,0,1
BRDA:17,0,1,1
BRF:2
BRH:2
end_of_record
TN:
SF:app/lib/wiktionary.ts
FN:25,extractPageText
FN:45,parseFrenchDefinition
FN:53,findDefinitionInSection
FN:79,shortenToSentence
FNF:4
FNH:4
FNDA:13,extractPageText
FNDA:13,parseFrenchDefinition
FNDA:16,findDefinitionInSection
FNDA:14,shortenToSentence
DA:9,3
DA:16,3
DA:26,13
DA:27,11
DA:28,11
DA:29,10
DA:30,10
DA:31,9
DA:32,8
DA:33,8
DA:34,8
DA:35,6
DA:36,6
DA:38,2
DA:46,13
DA:47,16
DA:48,16
DA:50,2
DA:54,16
DA:55,16
DA:56,14
DA:57,14
DA:59,14
DA:60,14
DA:61,87
DA:62,87
DA:63,87
DA:64,18
DA:65,18
DA:67,69
DA:68,18
DA:69,11
DA:70,11
DA:72,3
DA:80,14
DA:81,3
DA:82,3
DA:87,3
DA:88,2
LF:39
LH:39
BRDA:26,0,0,2
BRDA:26,0,1,11
BRDA:26,1,0,13
BRDA:26,1,1,12
BRDA:28,2,0,1
BRDA:28,2,1,10
BRDA:28,3,0,11
BRDA:28,3,1,10
BRDA:30,4,0,1
BRDA:30,4,1,9
BRDA:30,5,0,10
BRDA:30,5,1,9
BRDA:32,6,0,0
BRDA:32,6,1,8
BRDA:32,7,0,8
BRDA:32,7,1,8
BRDA:34,8,0,2
BRDA:34,8,1,6
BRDA:36,9,0,5
BRDA:36,9,1,1
BRDA:36,10,0,6
BRDA:36,10,1,6
BRDA:48,11,0,11
BRDA:48,11,1,5
BRDA:55,12,0,2
BRDA:55,12,1,14
BRDA:62,13,0,0
BRDA:62,13,1,87
BRDA:63,14,0,18
BRDA:63,14,1,69
BRDA:67,15,0,51
BRDA:67,15,1,18
BRDA:67,16,0,69
BRDA:67,16,1,32
BRDA:68,17,0,7
BRDA:68,17,1,11
BRDA:69,18,0,0
BRDA:69,18,1,11
BRDA:79,19,0,14
BRDA:80,20,0,11
BRDA:80,20,1,3
BRDA:87,21,0,1
BRDA:87,21,1,2
BRF:43
BRH:40
end_of_record
TN:
SF:generators/boucle.ts
FN:7,(anonymous_0)
FN:27,inInterior
FN:35,placeWordCells
FN:74,perimeterEdges
FN:94,clueForCell
FN:112,chooseClues
FN:136,(anonymous_6)
FN:157,generateBoucleLevel
FN:185,(anonymous_8)
FNF:9
FNH:9
FNDA:5223,(anonymous_0)
FNDA:112,inInterior
FNDA:22,placeWordCells
FNDA:44,perimeterEdges
FNDA:680,clueForCell
FNDA:22,chooseClues
FNDA:1520,(anonymous_6)
FNDA:22,generateBoucleLevel
FNDA:120,(anonymous_8)
DA:5,1
DA:7,5223
DA:22,1
DA:28,112
DA:41,22
DA:42,22
DA:44,22
DA:48,22
DA:49,22
DA:51,22
DA:52,98
DA:53,98
DA:54,112
DA:55,112
DA:56,112
DA:57,98
DA:58,98
DA:59,98
DA:60,98
DA:61,98
DA:62,98
DA:64,98
DA:66,22
DA:75,44
DA:76,44
DA:77,44
DA:79,240
DA:81,240
DA:83,240
DA:85,240
DA:87,44
DA:95,680
DA:96,680
DA:97,680
DA:98,680
DA:99,680
DA:100,680
DA:101,680
DA:117,22
DA:118,22
DA:119,22
DA:120,120
DA:121,680
DA:122,680
DA:125,680
DA:126,300
DA:129,380
DA:130,380
DA:136,1520
DA:137,0
DA:142,120
DA:158,22
DA:159,22
DA:160,22
DA:161,22
DA:164,22
DA:165,22
DA:166,22
DA:167,22
DA:168,22
DA:170,22
DA:171,22
DA:177,22
DA:178,22
DA:179,120
DA:180,120
DA:181,680
DA:183,120
DA:185,22
DA:186,120
DA:189,22
DA:191,22
DA:192,22
DA:194,22
DA:209,0
DA:210,0
DA:211,22
DA:212,22
DA:214,22
DA:215,22
DA:216,22
DA:217,0
DA:218,0
DA:219,0
DA:220,0
DA:221,0
DA:223,0
DA:226,0
DA:228,0
DA:229,0
DA:230,0
LF:91
LH:78
BRDA:28,0,0,112
BRDA:28,0,1,112
BRDA:28,0,2,98
BRDA:28,0,3,98
BRDA:56,1,0,14
BRDA:56,1,1,98
BRDA:57,2,0,0
BRDA:57,2,1,98
BRDA:64,3,0,0
BRDA:64,3,1,98
BRDA:79,4,0,156
BRDA:79,4,1,84
BRDA:81,5,0,156
BRDA:81,5,1,84
BRDA:83,6,0,128
BRDA:83,6,1,112
BRDA:85,7,0,128
BRDA:85,7,1,112
BRDA:97,8,0,151
BRDA:97,8,1,529
BRDA:98,9,0,123
BRDA:98,9,1,557
BRDA:99,10,0,114
BRDA:99,10,1,566
BRDA:100,11,0,108
BRDA:100,11,1,572
BRDA:125,12,0,300
BRDA:125,12,1,380
BRDA:136,13,0,0
BRDA:136,13,1,380
BRDA:166,14,0,22
BRDA:166,14,1,0
BRDA:171,15,0,0
BRDA:171,15,1,22
BRDA:210,16,0,0
BRDA:210,16,1,0
BRDA:219,17,0,0
BRDA:219,17,1,0
BRDA:219,18,0,0
BRDA:219,18,1,0
BRF:40
BRH:29
end_of_record
TN:
SF:generators/curated-themes-l1.ts
FNF:0
FNH:0
DA:26,2
LF:1
LH:1
BRF:0
BRH:0
end_of_record
TN:
SF:generators/curated-themes-l2.ts
FNF:0
FNH:0
DA:22,2
LF:1
LH:1
BRF:0
BRH:0
end_of_record
TN:
SF:generators/curated-themes-l3.ts
FNF:0
FNH:0
DA:22,2
LF:1
LH:1
BRF:0
BRH:0
end_of_record
TN:
SF:generators/curated-themes-l4.ts
FNF:0
FNH:0
DA:25,2
LF:1
LH:1
BRF:0
BRH:0
end_of_record
TN:
SF:generators/semantogramme.ts
FN:23,generateSemantogrammeLevel
FN:61,(anonymous_1)
FN:62,(anonymous_2)
FN:66,(anonymous_3)
FN:83,(anonymous_4)
FN:103,(anonymous_5)
FN:150,generateCurated
FN:189,(anonymous_7)
FN:213,(anonymous_8)
FN:214,(anonymous_9)
FN:262,(anonymous_10)
FNF:11
FNH:11
FNDA:28,generateSemantogrammeLevel
FNDA:34,(anonymous_1)
FNDA:198,(anonymous_2)
FNDA:94,(anonymous_3)
FNDA:54,(anonymous_4)
FNDA:34,(anonymous_5)
FNDA:22,generateCurated
FNDA:88,(anonymous_7)
FNDA:286,(anonymous_8)
FNDA:394,(anonymous_9)
FNDA:120,(anonymous_10)
DA:24,28
DA:25,5
DA:31,23
DA:32,7
DA:38,16
DA:39,5
DA:45,11
DA:46,5
DA:53,6
DA:54,6
DA:55,6
DA:56,6
DA:57,6
DA:61,6
DA:62,198
DA:65,6
DA:66,94
DA:67,1
DA:70,34
DA:71,34
DA:72,34
DA:73,79
DA:74,31
DA:75,31
DA:78,34
DA:82,6
DA:83,54
DA:84,0
DA:89,34
DA:90,34
DA:91,34
DA:92,34
DA:93,198
DA:94,86
DA:96,112
DA:99,34
DA:103,34
DA:104,6
DA:105,6
DA:106,34
DA:107,34
DA:108,198
DA:110,34
DA:116,6
DA:117,6
DA:119,6
DA:156,22
DA:157,22
DA:158,22
DA:159,22
DA:160,22
DA:161,22
DA:162,0
DA:164,22
DA:165,0
DA:169,22
DA:170,0
DA:175,22
DA:176,22
DA:177,22
DA:180,22
DA:181,22
DA:188,22
DA:189,22
DA:190,88
DA:191,26928
DA:192,26906
DA:193,444080
DA:194,442464
DA:195,442296
DA:199,22
DA:200,22
DA:201,22
DA:202,22
DA:203,22
DA:204,0
DA:208,22
DA:209,22
DA:212,22
DA:213,286
DA:214,394
DA:224,22
DA:225,22
DA:226,22
DA:227,22
DA:228,22
DA:229,22
DA:230,22
DA:231,22
DA:232,22
DA:233,120
DA:234,120
DA:235,120
DA:236,680
DA:237,680
DA:238,680
DA:240,120
DA:241,120
DA:243,22
DA:244,22
DA:245,120
DA:246,120
DA:248,22
DA:249,120
DA:250,680
DA:251,120
DA:253,22
DA:254,0
DA:255,0
DA:256,0
DA:262,120
DA:263,22
DA:264,22
DA:265,120
DA:266,680
DA:267,120
DA:272,22
DA:274,22
LF:118
LH:110
BRDA:24,0,0,5
BRDA:24,0,1,23
BRDA:24,1,0,28
BRDA:24,1,1,6
BRDA:31,2,0,7
BRDA:31,2,1,16
BRDA:31,3,0,23
BRDA:31,3,1,8
BRDA:38,4,0,5
BRDA:38,4,1,11
BRDA:38,5,0,16
BRDA:38,5,1,8
BRDA:45,6,0,5
BRDA:45,6,1,6
BRDA:45,7,0,11
BRDA:45,7,1,6
BRDA:66,8,0,1
BRDA:66,8,1,33
BRDA:73,9,0,31
BRDA:73,9,1,48
BRDA:78,10,0,3
BRDA:78,10,1,31
BRDA:83,11,0,0
BRDA:83,11,1,34
BRDA:93,12,0,86
BRDA:93,12,1,112
BRDA:108,13,0,86
BRDA:108,13,1,112
BRDA:161,14,0,0
BRDA:161,14,1,22
BRDA:164,15,0,0
BRDA:164,15,1,22
BRDA:169,16,0,0
BRDA:169,16,1,22
BRDA:191,17,0,22
BRDA:191,17,1,26906
BRDA:191,18,0,26928
BRDA:191,18,1,6732
BRDA:193,19,0,1616
BRDA:193,19,1,442464
BRDA:194,20,0,168
BRDA:194,20,1,442296
BRDA:203,21,0,0
BRDA:203,21,1,22
BRDA:244,22,0,22
BRDA:244,22,1,120
BRDA:246,23,0,0
BRDA:246,23,1,120
BRDA:246,24,0,120
BRDA:246,24,1,120
BRDA:248,25,0,22
BRDA:248,25,1,120
BRDA:250,26,0,286
BRDA:250,26,1,394
BRDA:251,27,0,0
BRDA:251,27,1,120
BRDA:251,28,0,120
BRDA:251,28,1,120
BRDA:253,29,0,22
BRDA:253,29,1,0
BRDA:255,30,0,0
BRDA:255,30,1,0
BRDA:266,31,0,286
BRDA:266,31,1,394
BRF:64
BRH:54
end_of_record
TN:
SF:generators/sokomot.ts
FN:6,isIceIndex
FN:17,(anonymous_1)
FN:18,(anonymous_2)
FN:45,generateSokomotLevel
FN:121,finalize
FN:146,inferSize
FN:158,buildBorderWalls
FN:171,inInterior
FN:175,placeTargetsRandomWalk
FN:218,placeBlocksWithSlide
FN:337,bfsPath
FN:376,solveInOrder
FN:414,(anonymous_12)
FN:426,tracePlayerCells
FN:430,(anonymous_14)
FN:437,placeRandomObstacles
FN:460,tryGenerateFreeform
FN:530,(anonymous_17)
FN:531,(anonymous_18)
FN:532,(anonymous_19)
FN:533,(anonymous_20)
FN:536,(anonymous_21)
FN:542,(anonymous_22)
FN:577,tryGenerateSokobanPullChain
FN:593,(anonymous_24)
FN:618,(anonymous_25)
FN:619,(anonymous_26)
FN:630,(anonymous_27)
FN:659,(anonymous_28)
FN:667,(anonymous_29)
FN:689,(anonymous_30)
FN:704,(anonymous_31)
FN:714,(anonymous_32)
FN:750,findOptimalSokobanSolution
FN:761,(anonymous_34)
FN:764,(anonymous_35)
FN:770,(anonymous_36)
FN:780,(anonymous_37)
FN:813,(anonymous_38)
FN:824,(anonymous_39)
FN:825,(anonymous_40)
FN:836,(anonymous_41)
FN:870,(anonymous_42)
FN:876,(anonymous_43)
FN:877,(anonymous_44)
FN:921,tryOneSokobanPull
FN:947,(anonymous_46)
FN:976,(anonymous_47)
FN:977,(anonymous_48)
FN:1017,navigatePlayerSokoban
FN:1075,tryGenerateFullIce
FN:1098,(anonymous_51)
FN:1100,(anonymous_52)
FN:1110,(anonymous_53)
FN:1129,(anonymous_54)
FN:1148,backwardBFS
FN:1160,(anonymous_56)
FN:1164,(anonymous_57)
FN:1170,(anonymous_58)
FN:1173,(anonymous_59)
FN:1215,pickWallAlignedPath
FN:1262,computeReverseMoves
FN:1269,(anonymous_62)
FN:1271,(anonymous_63)
FN:1326,(anonymous_64)
FN:1327,(anonymous_65)
FN:1348,buildLinearFallback
FN:1384,(anonymous_67)
FNF:68
FNH:65
FNDA:28,isIceIndex
FNDA:6821901,(anonymous_1)
FNDA:9676230,(anonymous_2)
FNDA:24,generateSokomotLevel
FNDA:24,finalize
FNDA:24,inferSize
FNDA:24,buildBorderWalls
FNDA:600,inInterior
FNDA:22,placeTargetsRandomWalk
FNDA:20,placeBlocksWithSlide
FNDA:63,bfsPath
FNDA:19,solveInOrder
FNDA:95,(anonymous_12)
FNDA:19,tracePlayerCells
FNDA:573,(anonymous_14)
FNDA:19,placeRandomObstacles
FNDA:20,tryGenerateFreeform
FNDA:63,(anonymous_17)
FNDA:63,(anonymous_18)
FNDA:63,(anonymous_19)
FNDA:24,(anonymous_20)
FNDA:0,(anonymous_21)
FNDA:63,(anonymous_22)
FNDA:2,tryGenerateSokobanPullChain
FNDA:10,(anonymous_24)
FNDA:10,(anonymous_25)
FNDA:10,(anonymous_26)
FNDA:50,(anonymous_27)
FNDA:10,(anonymous_28)
FNDA:10,(anonymous_29)
FNDA:90,(anonymous_30)
FNDA:10,(anonymous_31)
FNDA:10,(anonymous_32)
FNDA:2,findOptimalSokobanSolution
FNDA:880958,(anonymous_34)
FNDA:3627984,(anonymous_35)
FNDA:1788200,(anonymous_36)
FNDA:880958,(anonymous_37)
FNDA:10,(anonymous_38)
FNDA:15882458,(anonymous_39)
FNDA:880954,(anonymous_40)
FNDA:524360,(anonymous_41)
FNDA:8682408,(anonymous_42)
FNDA:1224184,(anonymous_43)
FNDA:1144820,(anonymous_44)
FNDA:32,tryOneSokobanPull
FNDA:238,(anonymous_46)
FNDA:70,(anonymous_47)
FNDA:70,(anonymous_48)
FNDA:58,navigatePlayerSokoban
FNDA:3,tryGenerateFullIce
FNDA:18,(anonymous_51)
FNDA:168,(anonymous_52)
FNDA:72,(anonymous_53)
FNDA:18,(anonymous_54)
FNDA:12,backwardBFS
FNDA:11973,(anonymous_56)
FNDA:307716,(anonymous_57)
FNDA:22890,(anonymous_58)
FNDA:137340,(anonymous_59)
FNDA:3,pickWallAlignedPath
FNDA:11985,computeReverseMoves
FNDA:71910,(anonymous_62)
FNDA:57600,(anonymous_63)
FNDA:11187,(anonymous_64)
FNDA:21276,(anonymous_65)
FNDA:0,buildLinearFallback
FNDA:0,(anonymous_67)
DA:7,28
DA:10,1
DA:17,6821901
DA:18,9676230
DA:25,1
DA:46,24
DA:47,24
DA:48,24
DA:49,24
DA:50,24
DA:51,24
DA:52,24
DA:53,24
DA:61,24
DA:62,24
DA:63,24
DA:67,24
DA:68,3
DA:69,3
DA:70,3
DA:71,3
DA:79,21
DA:80,2
DA:81,2
DA:82,2
DA:83,2
DA:88,19
DA:89,20
DA:90,20
DA:99,20
DA:102,0
DA:129,24
DA:130,24
DA:147,24
DA:148,24
DA:149,24
DA:150,630
DA:151,630
DA:153,24
DA:159,24
DA:160,24
DA:161,187
DA:162,187
DA:164,24
DA:165,115
DA:166,115
DA:168,24
DA:172,600
DA:181,22
DA:182,22
DA:185,22
DA:189,22
DA:190,22
DA:192,22
DA:193,54
DA:194,54
DA:195,58
DA:196,58
DA:197,58
DA:198,54
DA:199,54
DA:200,54
DA:201,54
DA:202,54
DA:203,54
DA:205,54
DA:207,22
DA:234,20
DA:235,20
DA:236,20
DA:237,20
DA:238,20
DA:239,20
DA:240,20
DA:241,20
DA:242,20
DA:244,20
DA:245,65
DA:246,65
DA:247,65
DA:248,160
DA:249,160
DA:253,160
DA:254,114
DA:259,85
DA:260,85
DA:261,85
DA:262,30
DA:263,30
DA:264,0
DA:265,0
DA:267,30
DA:268,6
DA:269,6
DA:271,24
DA:272,0
DA:273,0
DA:275,24
DA:277,85
DA:279,79
DA:280,79
DA:283,79
DA:284,68
DA:285,66
DA:289,66
DA:291,66
DA:292,64
DA:296,64
DA:297,40
DA:298,40
DA:299,0
DA:300,0
DA:301,0
DA:304,40
DA:307,64
DA:308,64
DA:309,64
DA:310,64
DA:311,64
DA:312,24
DA:313,24
DA:314,24
DA:315,24
DA:316,24
DA:320,40
DA:321,0
DA:322,0
DA:323,0
DA:324,0
DA:328,64
DA:329,64
DA:331,65
DA:333,19
DA:344,63
DA:345,44
DA:346,44
DA:347,44
DA:348,296
DA:349,296
DA:350,1120
DA:351,1120
DA:352,1120
DA:353,740
DA:354,740
DA:355,386
DA:356,386
DA:357,386
DA:358,342
DA:361,0
DA:389,19
DA:390,19
DA:391,19
DA:393,19
DA:394,63
DA:395,96
DA:396,63
DA:397,213
DA:399,63
DA:400,63
DA:401,63
DA:402,63
DA:403,63
DA:405,63
DA:406,63
DA:407,63
DA:409,63
DA:411,24
DA:414,95
DA:415,39
DA:417,63
DA:419,63
DA:427,19
DA:428,19
DA:429,19
DA:430,573
DA:431,206
DA:432,206
DA:434,19
DA:445,19
DA:446,13
DA:447,13
DA:448,13
DA:449,52
DA:450,260
DA:451,260
DA:452,260
DA:453,102
DA:456,13
DA:457,13
DA:469,20
DA:470,20
DA:472,20
DA:473,20
DA:475,19
DA:476,19
DA:477,19
DA:478,19
DA:479,19
DA:480,19
DA:484,19
DA:485,19
DA:486,19
DA:492,19
DA:494,0
DA:495,0
DA:496,0
DA:497,0
DA:503,0
DA:505,0
DA:506,0
DA:508,0
DA:511,19
DA:513,19
DA:526,19
DA:529,19
DA:530,63
DA:531,63
DA:532,63
DA:533,24
DA:536,19
DA:537,19
DA:538,177
DA:540,19
DA:542,63
DA:548,19
DA:584,2
DA:585,2
DA:586,2
DA:587,2
DA:589,2
DA:590,2
DA:593,10
DA:597,2
DA:598,2
DA:599,12
DA:600,84
DA:601,84
DA:604,2
DA:605,2
DA:617,2
DA:618,10
DA:619,10
DA:623,2
DA:624,2
DA:626,2
DA:627,2
DA:628,2
DA:629,10
DA:630,50
DA:631,10
DA:632,50
DA:633,32
DA:634,32
DA:644,32
DA:645,30
DA:646,30
DA:647,30
DA:648,30
DA:649,30
DA:650,30
DA:658,2
DA:659,10
DA:662,2
DA:663,2
DA:664,2
DA:667,10
DA:669,2
DA:671,30
DA:672,28
DA:680,28
DA:681,0
DA:683,28
DA:684,28
DA:687,30
DA:689,90
DA:690,30
DA:691,0
DA:693,30
DA:694,30
DA:698,2
DA:699,10
DA:700,0
DA:704,10
DA:714,10
DA:715,2
DA:727,2
DA:729,2
DA:760,2
DA:761,2
DA:762,880958
DA:763,916360
DA:764,3627984
DA:765,916360
DA:766,443380
DA:768,35404
DA:770,2
DA:771,1788200
DA:772,1788200
DA:773,8941000
DA:775,1788200
DA:776,1788200
DA:780,2
DA:781,880958
DA:782,880958
DA:783,880958
DA:784,4404790
DA:785,4404790
DA:786,4404790
DA:787,22023950
DA:788,13214370
DA:789,4404790
DA:790,4404790
DA:791,4404790
DA:792,4404790
DA:795,4404790
DA:796,4404790
DA:797,4404790
DA:799,880958
DA:810,2
DA:813,10
DA:820,2
DA:823,2
DA:824,15882458
DA:825,2
DA:826,880954
DA:827,880954
DA:828,880954
DA:829,1152056
DA:830,1152056
DA:831,271108
DA:832,271108
DA:833,880948
DA:836,2
DA:837,524360
DA:838,524360
DA:839,524360
DA:840,524358
DA:841,524358
DA:842,524358
DA:843,7592380
DA:844,7592380
DA:845,7592380
DA:846,7592380
DA:847,7592380
DA:848,7592380
DA:849,7068022
DA:850,7068022
DA:853,524360
DA:857,2
DA:858,2
DA:860,2
DA:861,524360
DA:862,524360
DA:863,524360
DA:865,524360
DA:866,2097434
DA:867,2097434
DA:868,2097434
DA:870,8682408
DA:871,1850972
DA:872,1850972
DA:873,291738
DA:874,291738
DA:875,291738
DA:876,1224184
DA:877,1144820
DA:879,1788198
DA:880,1788198
DA:881,1788198
DA:882,1788198
DA:883,1788198
DA:884,880956
DA:885,880956
DA:886,880956
DA:887,880956
DA:895,880956
DA:896,2
DA:897,2
DA:898,2
DA:899,54
DA:900,54
DA:901,54
DA:903,2
DA:905,880954
DA:908,0
DA:941,32
DA:942,32
DA:943,32
DA:944,160
DA:947,32
DA:948,238
DA:949,218
DA:950,218
DA:960,32
DA:961,32
DA:962,128
DA:963,128
DA:964,128
DA:965,110
DA:966,70
DA:970,128
DA:972,32
DA:976,70
DA:977,70
DA:978,30
DA:980,30
DA:984,30
DA:985,30
DA:994,30
DA:995,30
DA:1010,0
DA:1026,58
DA:1027,58
DA:1029,58
DA:1030,58
DA:1031,58
DA:1032,58
DA:1033,1090
DA:1034,1090
DA:1035,4270
DA:1036,4270
DA:1037,4270
DA:1038,4270
DA:1039,3066
DA:1040,1316
DA:1041,1316
DA:1042,1316
DA:1043,1316
DA:1044,58
DA:1045,58
DA:1046,58
DA:1047,322
DA:1048,322
DA:1049,322
DA:1051,58
DA:1055,0
DA:1087,3
DA:1088,3
DA:1090,3
DA:1091,3
DA:1093,3
DA:1094,3
DA:1095,168
DA:1098,18
DA:1099,3
DA:1100,168
DA:1101,3
DA:1106,3
DA:1107,3
DA:1108,12
DA:1110,72
DA:1112,12
DA:1123,12
DA:1124,3
DA:1125,3
DA:1129,18
DA:1138,0
DA:1159,12
DA:1160,12
DA:1161,11973
DA:1162,11973
DA:1163,71838
DA:1164,307716
DA:1165,71838
DA:1167,71838
DA:1170,12
DA:1173,137340
DA:1174,22890
DA:1175,22890
DA:1179,12
DA:1180,12
DA:1181,12
DA:1182,12
DA:1184,12
DA:1185,11985
DA:1186,11985
DA:1187,11985
DA:1188,11985
DA:1189,11985
DA:1190,22878
DA:1191,22878
DA:1192,11973
DA:1193,11973
DA:1197,11973
DA:1198,11973
DA:1199,11973
DA:1200,27
DA:1201,27
DA:1203,11973
DA:1206,12
DA:1207,9
DA:1221,3
DA:1222,3
DA:1223,3
DA:1224,3
DA:1225,9
DA:1226,54
DA:1227,9
DA:1228,9
DA:1229,54
DA:1230,9
DA:1232,3
DA:1233,6
DA:1234,36
DA:1235,6
DA:1236,6
DA:1237,36
DA:1238,6
DA:1240,3
DA:1241,3
DA:1268,11985
DA:1269,71910
DA:1271,11985
DA:1272,57600
DA:1273,57600
DA:1274,57600
DA:1277,11985
DA:1281,47940
DA:1282,47940
DA:1285,8460
DA:1286,8460
DA:1287,27792
DA:1288,27792
DA:1289,27792
DA:1290,27792
DA:1291,23322
DA:1292,19332
DA:1296,19332
DA:1304,47940
DA:1305,47940
DA:1313,39480
DA:1314,39480
DA:1321,104853
DA:1324,9660
DA:1325,9660
DA:1326,11187
DA:1327,3546
DA:1328,21276
DA:1330,3546
DA:1335,9660
DA:1337,95193
DA:1341,11985
DA:1354,0
DA:1355,0
DA:1356,0
DA:1357,0
DA:1358,0
DA:1359,0
DA:1361,0
DA:1362,0
DA:1363,0
DA:1364,0
DA:1365,0
DA:1369,0
DA:1370,0
DA:1371,0
DA:1372,0
DA:1373,0
DA:1374,0
DA:1376,0
DA:1378,0
DA:1379,0
DA:1380,0
DA:1381,0
DA:1382,0
DA:1384,0
DA:1385,0
DA:1386,0
DA:1387,0
DA:1389,0
DA:1390,0
DA:1391,0
DA:1393,0
DA:1394,0
DA:1395,0
DA:1396,0
DA:1397,0
DA:1401,0
LF:578
LH:514
BRDA:7,0,0,28
BRDA:7,0,1,21
BRDA:18,1,0,9676230
BRDA:18,1,1,1419910
BRDA:51,2,0,24
BRDA:51,2,1,0
BRDA:61,3,0,13
BRDA:61,3,1,11
BRDA:63,4,0,9
BRDA:63,4,1,15
BRDA:67,5,0,3
BRDA:67,5,1,21
BRDA:71,6,0,3
BRDA:71,6,1,0
BRDA:79,7,0,2
BRDA:79,7,1,19
BRDA:83,8,0,2
BRDA:83,8,1,0
BRDA:99,9,0,19
BRDA:99,9,1,1
BRDA:132,10,0,9
BRDA:132,10,1,15
BRDA:150,11,0,163
BRDA:150,11,1,467
BRDA:151,12,0,24
BRDA:151,12,1,606
BRDA:172,13,0,600
BRDA:172,13,1,571
BRDA:172,13,2,561
BRDA:172,13,3,517
BRDA:197,14,0,4
BRDA:197,14,1,54
BRDA:198,15,0,0
BRDA:198,15,1,54
BRDA:205,16,0,0
BRDA:205,16,1,54
BRDA:253,17,0,46
BRDA:253,17,1,114
BRDA:254,18,0,29
BRDA:254,18,1,85
BRDA:263,19,0,0
BRDA:263,19,1,30
BRDA:267,20,0,6
BRDA:267,20,1,24
BRDA:271,21,0,0
BRDA:271,21,1,24
BRDA:277,22,0,6
BRDA:277,22,1,79
BRDA:283,23,0,11
BRDA:283,23,1,68
BRDA:284,24,0,2
BRDA:284,24,1,66
BRDA:285,25,0,0
BRDA:285,25,1,66
BRDA:289,26,0,0
BRDA:289,26,1,66
BRDA:291,27,0,2
BRDA:291,27,1,64
BRDA:292,28,0,0
BRDA:292,28,1,64
BRDA:296,29,0,40
BRDA:296,29,1,24
BRDA:299,30,0,0
BRDA:299,30,1,0
BRDA:304,31,0,0
BRDA:304,31,1,40
BRDA:311,32,0,24
BRDA:311,32,1,40
BRDA:314,33,0,24
BRDA:314,33,1,0
BRDA:322,34,0,0
BRDA:322,34,1,0
BRDA:331,35,0,1
BRDA:331,35,1,64
BRDA:344,36,0,19
BRDA:344,36,1,44
BRDA:352,37,0,380
BRDA:352,37,1,740
BRDA:353,38,0,0
BRDA:353,38,1,740
BRDA:353,39,0,740
BRDA:353,39,1,740
BRDA:353,39,2,740
BRDA:353,39,3,740
BRDA:354,40,0,354
BRDA:354,40,1,386
BRDA:357,41,0,44
BRDA:357,41,1,342
BRDA:401,42,0,0
BRDA:401,42,1,63
BRDA:405,43,0,24
BRDA:405,43,1,39
BRDA:409,44,0,24
BRDA:409,44,1,39
BRDA:445,45,0,6
BRDA:445,45,1,13
BRDA:451,46,0,0
BRDA:451,46,1,260
BRDA:452,47,0,158
BRDA:452,47,1,102
BRDA:470,48,0,0
BRDA:470,48,1,20
BRDA:473,49,0,1
BRDA:473,49,1,19
BRDA:486,50,0,19
BRDA:486,50,1,0
BRDA:487,51,0,19
BRDA:487,51,1,19
BRDA:487,51,2,19
BRDA:487,51,3,19
BRDA:497,52,0,0
BRDA:497,52,1,0
BRDA:498,53,0,0
BRDA:498,53,1,0
BRDA:498,53,2,0
BRDA:498,53,3,0
BRDA:508,54,0,0
BRDA:508,54,1,0
BRDA:511,55,0,0
BRDA:511,55,1,19
BRDA:526,56,0,0
BRDA:526,56,1,19
BRDA:586,57,0,0
BRDA:586,57,1,2
BRDA:601,58,0,74
BRDA:601,58,1,10
BRDA:604,59,0,0
BRDA:604,59,1,2
BRDA:628,60,0,2
BRDA:628,60,1,10
BRDA:632,61,0,18
BRDA:632,61,1,32
BRDA:644,62,0,2
BRDA:644,62,1,30
BRDA:658,63,0,0
BRDA:658,63,1,2
BRDA:659,64,0,0
BRDA:659,64,1,2
BRDA:671,65,0,28
BRDA:671,65,1,2
BRDA:680,66,0,0
BRDA:680,66,1,28
BRDA:690,67,0,0
BRDA:690,67,1,30
BRDA:699,68,0,0
BRDA:699,68,1,10
BRDA:727,69,0,2
BRDA:727,69,1,0
BRDA:765,70,0,472980
BRDA:765,70,1,443380
BRDA:766,71,0,407976
BRDA:766,71,1,35404
BRDA:787,72,0,8809580
BRDA:787,72,1,13214370
BRDA:788,73,0,8809580
BRDA:788,73,1,4404790
BRDA:790,74,0,4404790
BRDA:790,74,1,0
BRDA:795,75,0,0
BRDA:795,75,1,4404790
BRDA:820,76,0,0
BRDA:820,76,1,2
BRDA:830,77,0,271108
BRDA:830,77,1,880948
BRDA:839,78,0,524358
BRDA:839,78,1,2
BRDA:846,79,0,4475880
BRDA:846,79,1,3116500
BRDA:846,80,0,7592380
BRDA:846,80,1,7365204
BRDA:847,81,0,3342478
BRDA:847,81,1,4249902
BRDA:847,82,0,7592380
BRDA:847,82,1,7365198
BRDA:848,83,0,524358
BRDA:848,83,1,7068022
BRDA:861,84,0,0
BRDA:861,84,1,524360
BRDA:867,85,0,0
BRDA:867,85,1,2097434
BRDA:867,86,0,2097434
BRDA:867,86,1,2097434
BRDA:867,86,2,2097434
BRDA:867,86,3,2097434
BRDA:868,87,0,246462
BRDA:868,87,1,1850972
BRDA:872,88,0,291738
BRDA:872,88,1,1559234
BRDA:874,89,0,0
BRDA:874,89,1,291738
BRDA:874,90,0,291738
BRDA:874,90,1,291738
BRDA:874,90,2,291738
BRDA:874,90,3,291738
BRDA:875,91,0,33526
BRDA:875,91,1,258212
BRDA:876,92,0,29248
BRDA:876,92,1,228964
BRDA:876,93,0,1224184
BRDA:876,93,1,980682
BRDA:877,94,0,228964
BRDA:877,94,1,915856
BRDA:883,95,0,907242
BRDA:883,95,1,880956
BRDA:883,96,0,1788198
BRDA:883,96,1,907290
BRDA:895,97,0,2
BRDA:895,97,1,880954
BRDA:900,98,0,54
BRDA:900,98,1,0
BRDA:944,99,0,128
BRDA:944,99,1,32
BRDA:948,100,0,20
BRDA:948,100,1,218
BRDA:950,101,0,218
BRDA:950,101,1,218
BRDA:964,102,0,18
BRDA:964,102,1,110
BRDA:965,103,0,40
BRDA:965,103,1,70
BRDA:966,104,0,46
BRDA:966,104,1,24
BRDA:967,105,0,46
BRDA:967,105,1,20
BRDA:967,105,2,32
BRDA:967,105,3,26
BRDA:972,106,0,2
BRDA:972,106,1,30
BRDA:994,107,0,0
BRDA:994,107,1,30
BRDA:1026,108,0,0
BRDA:1026,108,1,58
BRDA:1027,109,0,58
BRDA:1027,109,1,28
BRDA:1036,110,0,0
BRDA:1036,110,1,4270
BRDA:1036,111,0,4270
BRDA:1036,111,1,4270
BRDA:1036,111,2,4270
BRDA:1036,111,3,4270
BRDA:1038,112,0,1204
BRDA:1038,112,1,3066
BRDA:1038,113,0,4270
BRDA:1038,113,1,3626
BRDA:1039,114,0,1750
BRDA:1039,114,1,1316
BRDA:1043,115,0,58
BRDA:1043,115,1,1258
BRDA:1048,116,0,322
BRDA:1048,116,1,0
BRDA:1088,117,0,0
BRDA:1088,117,1,3
BRDA:1101,118,0,0
BRDA:1101,118,1,3
BRDA:1123,119,0,9
BRDA:1123,119,1,3
BRDA:1165,120,0,27633
BRDA:1165,120,1,44205
BRDA:1165,121,0,71838
BRDA:1165,121,1,44205
BRDA:1185,122,0,0
BRDA:1185,122,1,11985
BRDA:1187,123,0,0
BRDA:1187,123,1,11985
BRDA:1191,124,0,10905
BRDA:1191,124,1,11973
BRDA:1198,125,0,0
BRDA:1198,125,1,11973
BRDA:1199,126,0,27
BRDA:1199,126,1,11946
BRDA:1206,127,0,3
BRDA:1206,127,1,9
BRDA:1206,128,0,12
BRDA:1206,128,1,12
BRDA:1240,129,0,0
BRDA:1240,129,1,3
BRDA:1272,130,0,0
BRDA:1272,130,1,57600
BRDA:1272,131,0,57600
BRDA:1272,131,1,57600
BRDA:1272,131,2,57600
BRDA:1272,131,3,57600
BRDA:1274,132,0,57600
BRDA:1274,132,1,49602
BRDA:1282,133,0,8460
BRDA:1282,133,1,39480
BRDA:1288,134,0,0
BRDA:1288,134,1,27792
BRDA:1288,135,0,27792
BRDA:1288,135,1,27792
BRDA:1288,135,2,27792
BRDA:1288,135,3,27792
BRDA:1290,136,0,4470
BRDA:1290,136,1,23322
BRDA:1291,137,0,3990
BRDA:1291,137,1,19332
BRDA:1305,138,0,39480
BRDA:1305,138,1,8460
BRDA:1306,139,0,47940
BRDA:1306,139,1,47940
BRDA:1306,139,2,47940
BRDA:1306,139,3,47940
BRDA:1306,139,4,47940
BRDA:1306,139,5,43470
BRDA:1315,140,0,39480
BRDA:1315,140,1,134673
BRDA:1315,140,2,134673
BRDA:1315,140,3,134673
BRDA:1315,140,4,134673
BRDA:1321,141,0,9660
BRDA:1321,141,1,95193
BRDA:1325,142,0,3546
BRDA:1325,142,1,6114
BRDA:1328,143,0,3546
BRDA:1328,143,1,17730
BRDA:1355,144,0,0
BRDA:1355,144,1,0
BRDA:1356,145,0,0
BRDA:1356,145,1,0
BRDA:1363,146,0,0
BRDA:1363,146,1,0
BRDA:1395,147,0,0
BRDA:1395,147,1,0
BRF:323
BRH:257
end_of_record
TN:
SF:generators/themes.ts
FNF:0
FNH:0
DA:14,1
DA:111,1
LF:2
LH:2
BRF:0
BRH:0
end_of_record
TN:
SF:generators/wordlists.ts
FN:23,stripDiacritics
FN:27,buildLists
FNF:2
FNH:2
FNDA:673048,stripDiacritics
FNDA:2,buildLists
DA:24,673048
DA:28,2
DA:29,2
DA:30,2
DA:31,673048
DA:32,673048
DA:33,663556
DA:34,663556
DA:35,105928
DA:36,94944
DA:37,94944
DA:39,2
DA:42,2
LF:13
LH:13
BRDA:32,0,0,9492
BRDA:32,0,1,663556
BRDA:34,1,0,557628
BRDA:34,1,1,105928
BRDA:34,2,0,663556
BRDA:34,2,1,663368
BRDA:35,3,0,10984
BRDA:35,3,1,94944
BRF:8
BRH:8
end_of_record
