TN:
SF:app/games/boucle/engine.ts
FN:3,loadLevel
FN:7,reset
FN:11,edgeKey
FN:15,sameEdge
FN:19,toggleEdge
FN:20,(anonymous_5)
FN:23,(anonymous_6)
FN:31,cellEdges
FN:40,countEdgesAroundCell
FN:42,(anonymous_9)
FN:46,edgeVertices
FN:58,vertexKey
FN:67,isValidLoop
FN:109,areCluesSatisfied
FN:124,clueStatus
FN:146,findInsideCells
FN:151,edgeExists
FN:203,getInsideWord
FN:205,(anonymous_18)
FN:206,(anonymous_19)
FN:209,isWon
FNF:21
FNH:19
FNDA:157,loadLevel
FNDA:0,reset
FNDA:81474,edgeKey
FNDA:12306,sameEdge
FNDA:2002,toggleEdge
FNDA:12305,(anonymous_5)
FNDA:1,(anonymous_6)
FNDA:2289,cellEdges
FNDA:2289,countEdgesAroundCell
FNDA:9156,(anonymous_9)
FNDA:16236,edgeVertices
FNDA:40144,vertexKey
FNDA:311,isValidLoop
FNDA:307,areCluesSatisfied
FNDA:0,clueStatus
FNDA:304,findInsideCells
FNDA:53680,edgeExists
FNDA:302,getInsideWord
FNDA:1355,(anonymous_18)
FNDA:1657,(anonymous_19)
FNDA:154,isWon
DA:4,157
DA:8,0
DA:12,81474
DA:16,12306
DA:20,12305
DA:21,2002
DA:23,1
DA:32,2289
DA:41,2289
DA:42,9156
DA:47,16236
DA:59,40144
DA:68,311
DA:70,309
DA:71,309
DA:72,3990
DA:73,3990
DA:74,3990
DA:76,309
DA:77,3986
DA:81,308
DA:82,308
DA:83,3982
DA:84,3982
DA:85,3982
DA:86,3982
DA:87,3982
DA:89,308
DA:90,308
DA:91,308
DA:92,308
DA:93,4286
DA:94,4286
DA:95,3978
DA:96,3978
DA:97,7956
DA:98,7956
DA:99,7956
DA:102,308
DA:110,307
DA:111,2284
DA:112,2284
DA:113,2284
DA:115,306
DA:125,0
DA:126,0
DA:127,0
DA:128,0
DA:129,0
DA:130,0
DA:147,304
DA:148,304
DA:149,304
DA:152,53680
DA:153,26840
DA:155,26840
DA:159,304
DA:160,2270
DA:161,2270
DA:163,304
DA:164,2270
DA:165,2270
DA:168,304
DA:169,33957
DA:170,33957
DA:171,33957
DA:172,15690
DA:174,15690
DA:180,15690
DA:181,62760
DA:182,62760
DA:185,53680
DA:186,49754
DA:190,304
DA:191,304
DA:192,1662
DA:193,9486
DA:196,304
DA:204,302
DA:205,1355
DA:206,1657
DA:210,154
DA:211,153
DA:212,153
LF:84
LH:77
BRDA:16,0,0,12306
BRDA:16,0,1,5805
BRDA:16,0,2,158
BRDA:23,1,0,1
BRDA:23,1,1,2001
BRDA:47,2,0,2788
BRDA:47,2,1,13448
BRDA:68,3,0,2
BRDA:68,3,1,309
BRDA:73,4,0,3990
BRDA:73,4,1,621
BRDA:74,5,0,3990
BRDA:74,5,1,3368
BRDA:77,6,0,1
BRDA:77,6,1,3985
BRDA:86,7,0,3982
BRDA:86,7,1,618
BRDA:87,8,0,3982
BRDA:87,8,1,3364
BRDA:94,9,0,308
BRDA:94,9,1,3978
BRDA:96,10,0,3978
BRDA:96,10,1,0
BRDA:98,11,0,3978
BRDA:98,11,1,3978
BRDA:99,12,0,3978
BRDA:99,12,1,3978
BRDA:113,13,0,1
BRDA:113,13,1,2283
BRDA:126,14,0,0
BRDA:126,14,1,0
BRDA:128,15,0,0
BRDA:128,15,1,0
BRDA:129,16,0,0
BRDA:129,16,1,0
BRDA:152,17,0,26840
BRDA:152,17,1,26840
BRDA:153,18,0,26840
BRDA:153,18,1,22908
BRDA:153,18,2,18976
BRDA:153,18,3,18976
BRDA:155,19,0,26840
BRDA:155,19,1,26840
BRDA:155,19,2,26840
BRDA:155,19,3,22908
BRDA:171,20,0,18267
BRDA:171,20,1,15690
BRDA:182,21,0,9080
BRDA:182,21,1,53680
BRDA:182,22,0,62760
BRDA:182,22,1,60490
BRDA:182,22,2,58220
BRDA:182,22,3,55950
BRDA:185,23,0,3926
BRDA:185,23,1,49754
BRDA:185,24,0,53680
BRDA:185,24,1,37952
BRDA:186,25,0,24877
BRDA:186,25,1,24877
BRDA:193,26,0,1660
BRDA:193,26,1,7826
BRDA:205,27,0,1355
BRDA:205,27,1,2
BRDA:210,28,0,1
BRDA:210,28,1,153
BRDA:211,29,0,0
BRDA:211,29,1,153
BRF:67
BRH:59
end_of_record
TN:
SF:app/games/boucle/generator.ts
FN:18,generateBoucleLevel
FNF:1
FNH:1
FNDA:14,generateBoucleLevel
DA:5,1
DA:19,14
DA:20,14
DA:21,14
DA:22,14
DA:23,14
DA:24,14
DA:25,14
DA:27,14
DA:28,14
DA:29,14
DA:30,76
DA:31,76
DA:32,428
DA:33,76
DA:34,76
DA:36,352
DA:39,76
DA:48,14
DA:54,14
DA:55,48
DA:57,14
DA:58,14
DA:60,14
LF:24
LH:24
BRDA:24,0,0,14
BRDA:24,0,1,0
BRDA:32,1,0,76
BRDA:32,1,1,352
BRDA:32,2,0,428
BRDA:32,2,1,76
BRF:6
BRH:5
end_of_record
TN:
SF:app/games/semantogramme/engine.ts
FN:3,loadLevel
FN:4,(anonymous_1)
FN:5,(anonymous_2)
FN:10,setCellStatus
FN:17,(anonymous_4)
FN:18,(anonymous_5)
FN:29,cycleCellStatus
FN:35,setThemeGuess
FN:39,reset
FN:43,countInPerRow
FN:45,(anonymous_10)
FN:48,countInPerCol
FN:50,(anonymous_12)
FN:53,isFullyMarked
FN:54,(anonymous_14)
FN:54,(anonymous_15)
FN:65,isGridSolved
FN:77,normalize
FN:85,isThemeGuessCorrect
FN:90,isWon
FNF:20
FNH:19
FNDA:162,loadLevel
FNDA:856,(anonymous_1)
FNDA:4828,(anonymous_2)
FNDA:4811,setCellStatus
FNDA:28470,(anonymous_4)
FNDA:28470,(anonymous_5)
FNDA:23,cycleCellStatus
FNDA:157,setThemeGuess
FNDA:0,reset
FNDA:2,countInPerRow
FNDA:4,(anonymous_10)
FNDA:2,countInPerCol
FNDA:4,(anonymous_12)
FNDA:2,isFullyMarked
FNDA:3,(anonymous_14)
FNDA:5,(anonymous_15)
FNDA:311,isGridSolved
FNDA:312,normalize
FNDA:157,isThemeGuessCorrect
FNDA:156,isWon
DA:4,162
DA:5,4828
DA:7,162
DA:16,4811
DA:17,4811
DA:18,28470
DA:20,4811
DA:23,3
DA:30,23
DA:31,23
DA:32,23
DA:36,157
DA:40,0
DA:44,2
DA:45,4
DA:49,2
DA:50,4
DA:54,5
DA:66,311
DA:67,311
DA:68,1685
DA:69,9602
DA:70,9602
DA:71,9602
DA:74,309
DA:78,312
DA:86,157
DA:87,156
DA:91,156
LF:29
LH:28
BRDA:16,0,0,0
BRDA:16,0,1,4811
BRDA:16,1,0,4811
BRDA:16,1,1,4811
BRDA:16,1,2,4811
BRDA:16,1,3,4811
BRDA:18,2,0,4811
BRDA:18,2,1,23659
BRDA:18,3,0,4811
BRDA:18,3,1,23659
BRDA:30,4,0,0
BRDA:30,4,1,23
BRDA:30,5,0,23
BRDA:30,5,1,23
BRDA:30,5,2,23
BRDA:30,5,3,23
BRDA:44,6,0,0
BRDA:44,6,1,2
BRDA:44,7,0,2
BRDA:44,7,1,2
BRDA:49,8,0,0
BRDA:49,8,1,2
BRDA:49,9,0,2
BRDA:49,9,1,2
BRDA:50,10,0,2
BRDA:50,10,1,2
BRDA:71,11,0,2
BRDA:71,11,1,9600
BRDA:86,12,0,1
BRDA:86,12,1,156
BRDA:91,13,0,156
BRDA:91,13,1,155
BRF:32
BRH:28
end_of_record
TN:
SF:app/games/semantogramme/generator.ts
FN:15,generateSemantogrammeLevel
FN:24,(anonymous_1)
FN:25,(anonymous_2)
FN:29,(anonymous_3)
FN:46,(anonymous_4)
FN:66,(anonymous_5)
FNF:6
FNH:6
FNDA:22,generateSemantogrammeLevel
FNDA:120,(anonymous_1)
FNDA:680,(anonymous_2)
FNDA:270,(anonymous_3)
FNDA:200,(anonymous_4)
FNDA:120,(anonymous_5)
DA:16,22
DA:17,22
DA:18,22
DA:19,22
DA:20,22
DA:24,22
DA:25,680
DA:28,22
DA:29,270
DA:30,5
DA:33,120
DA:34,120
DA:35,120
DA:36,231
DA:37,110
DA:38,110
DA:41,120
DA:45,22
DA:46,200
DA:47,0
DA:52,120
DA:53,120
DA:54,120
DA:55,120
DA:56,680
DA:57,313
DA:59,367
DA:62,120
DA:66,120
DA:67,22
DA:68,22
DA:69,120
DA:70,120
DA:71,680
DA:73,120
DA:76,22
LF:36
LH:35
BRDA:29,0,0,5
BRDA:29,0,1,115
BRDA:36,1,0,110
BRDA:36,1,1,121
BRDA:41,2,0,10
BRDA:41,2,1,110
BRDA:46,3,0,0
BRDA:46,3,1,120
BRDA:56,4,0,313
BRDA:56,4,1,367
BRDA:71,5,0,313
BRDA:71,5,1,367
BRF:12
BRH:11
end_of_record
TN:
SF:app/games/sokomot/engine.ts
FN:10,eq
FN:14,add
FN:18,inBounds
FN:22,isWall
FN:23,(anonymous_4)
FN:26,isIce
FN:27,(anonymous_6)
FN:30,blockAt
FN:31,(anonymous_8)
FN:34,loadLevel
FN:38,(anonymous_10)
FN:44,snapshot
FN:47,(anonymous_12)
FN:58,slideUntilBlocked
FN:73,applyMove
FN:97,(anonymous_15)
FN:99,(anonymous_16)
FN:102,(anonymous_17)
FN:107,(anonymous_18)
FN:109,(anonymous_19)
FN:123,undo
FN:135,reset
FN:139,isWon
FN:142,(anonymous_23)
FNF:24
FNH:21
FNDA:149327,eq
FNDA:3509,add
FNDA:3509,inBounds
FNDA:3509,isWall
FNDA:104887,(anonymous_4)
FNDA:2819,isIce
FNDA:27100,(anonymous_6)
FNDA:3356,blockAt
FNDA:13464,(anonymous_8)
FNDA:159,loadLevel
FNDA:691,(anonymous_10)
FNDA:1981,snapshot
FNDA:9505,(anonymous_12)
FNDA:381,slideUntilBlocked
FNDA:1982,applyMove
FNDA:839,(anonymous_15)
FNDA:4714,(anonymous_16)
FNDA:3271,(anonymous_17)
FNDA:0,(anonymous_18)
FNDA:0,(anonymous_19)
FNDA:1,undo
FNDA:0,reset
FNDA:155,isWon
FNDA:687,(anonymous_23)
DA:3,3
DA:11,149327
DA:15,3509
DA:19,3509
DA:23,104887
DA:27,27100
DA:31,13464
DA:35,159
DA:38,691
DA:45,1981
DA:47,9505
DA:64,381
DA:65,381
DA:66,839
DA:67,839
DA:68,838
DA:69,838
DA:74,1982
DA:75,1982
DA:76,1982
DA:78,1982
DA:80,1982
DA:82,1982
DA:85,1982
DA:86,688
DA:87,688
DA:93,1
DA:95,687
DA:96,687
DA:97,381
DA:98,839
DA:99,4714
DA:102,3271
DA:103,687
DA:105,1294
DA:106,1294
DA:107,0
DA:108,0
DA:109,0
DA:114,1981
DA:124,1
DA:125,1
DA:126,1
DA:136,0
DA:140,155
DA:141,155
DA:142,155
DA:143,687
DA:144,687
LF:49
LH:45
BRDA:11,0,0,149327
BRDA:11,0,1,14147
BRDA:19,1,0,3509
BRDA:19,1,1,3509
BRDA:19,1,2,3509
BRDA:19,1,3,3509
BRDA:67,2,0,1
BRDA:67,2,1,838
BRDA:67,3,0,839
BRDA:67,3,1,839
BRDA:69,4,0,380
BRDA:69,4,1,458
BRDA:78,5,0,0
BRDA:78,5,1,1982
BRDA:78,6,0,1982
BRDA:78,6,1,1982
BRDA:85,7,0,688
BRDA:85,7,1,1294
BRDA:87,8,0,1
BRDA:87,8,1,687
BRDA:88,9,0,688
BRDA:88,9,1,688
BRDA:88,9,2,687
BRDA:96,10,0,381
BRDA:96,10,1,306
BRDA:98,11,0,1
BRDA:98,11,1,838
BRDA:99,12,0,4714
BRDA:99,12,1,3876
BRDA:102,13,0,687
BRDA:102,13,1,2584
BRDA:106,14,0,0
BRDA:106,14,1,1294
BRDA:108,15,0,0
BRDA:108,15,1,0
BRDA:124,16,0,0
BRDA:124,16,1,1
BRDA:141,17,0,0
BRDA:141,17,1,155
BRF:39
BRH:33
end_of_record
TN:
SF:app/games/sokomot/generator.ts
FN:10,isIceIndex
FN:37,generateSokomotLevel
FN:93,(anonymous_2)
FNF:3
FNH:3
FNDA:24,isIceIndex
FNDA:20,generateSokomotLevel
FNDA:73,(anonymous_2)
DA:11,24
DA:38,20
DA:39,20
DA:40,20
DA:41,20
DA:42,20
DA:43,20
DA:44,20
DA:45,20
DA:47,20
DA:48,20
DA:49,20
DA:51,20
DA:52,20
DA:53,153
DA:54,153
DA:56,20
DA:57,93
DA:58,93
DA:63,20
DA:64,20
DA:65,7
DA:66,11
DA:67,78
DA:72,20
DA:73,20
DA:74,20
DA:75,73
DA:76,73
DA:77,73
DA:80,20
DA:87,20
DA:88,20
DA:89,20
DA:90,2
DA:91,2
DA:93,20
DA:94,73
DA:95,73
DA:96,73
DA:97,73
DA:99,73
DA:100,0
DA:101,0
DA:103,73
DA:104,73
DA:105,73
DA:106,53
DA:107,53
DA:111,20
LF:50
LH:48
BRDA:11,0,0,24
BRDA:11,0,1,18
BRDA:43,1,0,20
BRDA:43,1,1,0
BRDA:47,2,0,7
BRDA:47,2,1,13
BRDA:64,3,0,7
BRDA:64,3,1,13
BRDA:105,4,0,53
BRDA:105,4,1,20
BRDA:113,5,0,7
BRDA:113,5,1,13
BRF:12
BRH:11
end_of_record
TN:
SF:app/lib/dates.ts
FN:6,(anonymous_0)
FN:8,formatDate
FN:12,parseDate
FN:26,todayString
FN:38,compareDates
FN:43,monthKey
FN:48,monthLabel
FN:68,dateLabel
FN:88,dateLabelShort
FN:95,dateRange
FNF:10
FNH:9
FNDA:20,(anonymous_0)
FNDA:9,formatDate
FNDA:9,parseDate
FNDA:0,todayString
FNDA:4,compareDates
FNDA:2,monthKey
FNDA:3,monthLabel
FNDA:2,dateLabel
FNDA:2,dateLabelShort
FNDA:2,dateRange
DA:6,20
DA:9,9
DA:13,9
DA:14,9
DA:27,0
DA:32,0
DA:34,0
DA:39,4
DA:44,2
DA:49,3
DA:50,3
DA:64,3
DA:69,2
DA:70,2
DA:84,2
DA:89,2
DA:90,2
DA:91,2
DA:96,2
DA:97,2
DA:98,2
DA:99,2
DA:100,2
DA:104,5
DA:106,2
LF:25
LH:22
BRDA:27,0,0,0
BRDA:27,0,1,0
BRDA:28,1,0,0
BRDA:28,1,1,0
BRDA:28,1,2,0
BRDA:39,2,0,2
BRDA:39,2,1,2
BRDA:39,3,0,1
BRDA:39,3,1,1
BRF:9
BRH:4
end_of_record
TN:
SF:app/lib/game-styles.ts
FN:48,(anonymous_0)
FN:49,(anonymous_1)
FN:50,(anonymous_2)
FN:57,isIceLevel
FNF:4
FNH:4
FNDA:4,(anonymous_0)
FNDA:2,(anonymous_1)
FNDA:2,(anonymous_2)
FNDA:8,isIceLevel
DA:12,2
DA:25,2
DA:47,2
DA:48,4
DA:49,2
DA:50,2
DA:58,8
LF:7
LH:7
BRDA:58,0,0,8
BRDA:58,0,1,4
BRDA:58,0,2,3
BRF:3
BRH:3
end_of_record
TN:
SF:app/lib/games-registry.ts
FN:43,findGame
FN:44,(anonymous_1)
FNF:2
FNH:2
FNDA:4,findGame
FNDA:9,(anonymous_1)
DA:13,1
DA:44,9
LF:2
LH:2
BRF:0
BRH:0
end_of_record
TN:
SF:app/lib/localStorage.ts
FN:13,isBrowser
FN:17,readAllProgress
FN:29,readGameProgress
FN:33,writeLevelProgress
FN:51,countCompleted
FN:53,(anonymous_5)
FNF:6
FNH:6
FNDA:34,isBrowser
FNDA:23,readAllProgress
FNDA:10,readGameProgress
FNDA:11,writeLevelProgress
FNDA:1,countCompleted
FNDA:3,(anonymous_5)
DA:11,2
DA:14,34
DA:18,23
DA:19,23
DA:20,23
DA:21,23
DA:22,14
DA:23,14
DA:25,1
DA:30,10
DA:38,11
DA:39,11
DA:40,11
DA:41,11
DA:42,11
DA:43,11
DA:44,11
DA:45,11
DA:52,1
DA:53,3
LF:20
LH:20
BRDA:14,0,0,34
BRDA:14,0,1,34
BRDA:18,1,0,0
BRDA:18,1,1,23
BRDA:21,2,0,9
BRDA:21,2,1,14
BRDA:23,3,0,13
BRDA:23,3,1,0
BRDA:23,4,0,14
BRDA:23,4,1,13
BRDA:30,5,0,10
BRDA:30,5,1,4
BRDA:38,6,0,0
BRDA:38,6,1,11
BRDA:40,7,0,11
BRDA:40,7,1,8
BRDA:41,8,0,11
BRDA:41,8,1,10
BRF:18
BRH:15
end_of_record
TN:
SF:app/lib/random.ts
FN:6,cyrb53
FN:21,(anonymous_1)
FN:26,(anonymous_2)
FN:35,(anonymous_3)
FN:39,(anonymous_4)
FN:43,(anonymous_5)
FN:47,(anonymous_6)
FNF:7
FNH:7
FNDA:65,cyrb53
FNDA:65,(anonymous_1)
FNDA:3945,(anonymous_2)
FNDA:3843,(anonymous_3)
FNDA:2163,(anonymous_4)
FNDA:1138,(anonymous_5)
FNDA:2,(anonymous_6)
DA:7,65
DA:8,65
DA:9,65
DA:10,1280
DA:11,1280
DA:12,1280
DA:14,65
DA:15,65
DA:16,65
DA:22,65
DA:23,65
DA:27,3945
DA:28,3945
DA:29,3945
DA:30,3945
DA:31,3945
DA:32,3945
DA:36,3843
DA:40,2163
DA:44,1138
DA:48,2
DA:49,10
DA:50,10
DA:52,2
LF:24
LH:24
BRDA:6,0,0,65
BRDA:23,1,0,65
BRDA:23,1,1,0
BRF:3
BRH:2
end_of_record
TN:
SF:app/lib/useLocalProgress.ts
FN:8,useLocalProgress
FN:11,(anonymous_1)
FN:16,handler
FN:22,(anonymous_3)
FN:29,levelKey
FNF:5
FNH:4
FNDA:6,useLocalProgress
FNDA:3,(anonymous_1)
FNDA:0,handler
FNDA:3,(anonymous_3)
FNDA:2,levelKey
DA:9,6
DA:11,6
DA:15,3
DA:17,0
DA:18,0
DA:21,3
DA:22,3
DA:25,6
DA:30,2
LF:9
LH:7
BRDA:17,0,0,0
BRDA:17,0,1,0
BRF:2
BRH:0
end_of_record
